<?xml version="1.0" encoding="UTF-8"?>
<testsuite name="com.moodanalysetest.MoodAnalyserTest" tests="2" skipped="0" failures="0" errors="0" timestamp="2020-03-26T19:48:13" hostname="DESKTOP-NK2QSNJ" time="0.008">
  <properties/>
  <testcase name="WhenIn_AnyMood_ShouldReturnHappy" classname="com.moodanalysetest.MoodAnalyserTest" time="0.007"/>
  <testcase name="WhenMood_IsSad_ShouldReturnSad" classname="com.moodanalysetest.MoodAnalyserTest" time="0.0"/>
  <system-out><![CDATA[]]></system-out>
  <system-err><![CDATA[]]></system-err>
</testsuite>
